<?xml version="1.0" encoding="UTF-8"?>
<robot generator="Robot 7.5 (Python 3.10.1 on win32)" generated="2026-09-25T15:50:01.688501" rpa="false" schemaversion="5">
<suite id="s1" name="Test case login" source="C:\Users\ADMIN\PycharmProjects\TestProject\Test_case_login.robot">
<test id="s1-t1" name="TestProjet" line="25">
<kw name="Log" owner="BuiltIn">
<msg time="2026-09-25T15:50:02.057804" level="INFO">Test roboframework</msg>
<arg>Test roboframework</arg>
<doc>Logs the given message with the given level.</doc>
<status status="PASS" start="2026-09-25T15:50:02.057804" elapsed="0.000000"/>
</kw>
<status status="PASS" start="2026-09-25T15:50:02.056804" elapsed="0.002000"/>
</test>
<test id="s1-t2" name="TC1" line="28">
<kw name="Open Browser" owner="SeleniumLibrary">
<msg time="2026-09-25T15:50:02.060804" level="INFO">Opening browser 'firefox' to base url 'https://opensource-demo.orangehrmlive.com/web/index.php/auth/login'.</msg>
<arg>${URL}</arg>
<arg>firefox</arg>
<doc>Opens a new browser instance to the optional ``url``.</doc>
<status status="PASS" start="2026-09-25T15:50:02.060804" elapsed="12.588737"/>
</kw>
<kw name="Maximize Browser Window" owner="SeleniumLibrary">
<doc>Maximizes current browser window.</doc>
<status status="PASS" start="2026-09-25T15:50:14.649541" elapsed="0.274666"/>
</kw>
<kw name="Wait Until Element Is Visible" owner="SeleniumLibrary">
<arg>xpath=//form</arg>
<arg>10s</arg>
<doc>Waits until the element ``locator`` is visible.</doc>
<status status="PASS" start="2026-09-25T15:50:14.924207" elapsed="4.106672"/>
</kw>
<kw name="LOGINKWD">
<kw name="Input Text" owner="SeleniumLibrary">
<msg time="2026-09-25T15:50:19.032858" level="INFO">Typing text 'Admin' into text field 'xpath=/html/body/div/div[1]/div/div[1]/div/div[2]/div[2]/form/div[1]/div/div[2]/input'.</msg>
<arg>xpath=/html/body/div/div[1]/div/div[1]/div/div[2]/div[2]/form/div[1]/div/div[2]/input</arg>
<arg>${credentials}[0]</arg>
<doc>Types the given ``text`` into the text field identified by ``locator``.</doc>
<status status="PASS" start="2026-09-25T15:50:19.032858" elapsed="0.026001"/>
</kw>
<kw name="Input Password" owner="SeleniumLibrary">
<msg time="2026-09-25T15:50:19.058859" level="INFO">Typing password into text field 'Name=password'.</msg>
<msg time="2026-09-25T15:50:19.066861" level="INFO">Temporally setting log level to: NONE</msg>
<arg>Name=password</arg>
<arg>${credentials}[1]</arg>
<doc>Types the given password into the text field identified by ``locator``.</doc>
<status status="PASS" start="2026-09-25T15:50:19.058859" elapsed="0.022019"/>
</kw>
<status status="PASS" start="2026-09-25T15:50:19.031858" elapsed="0.050014"/>
</kw>
<kw name="Click Button" owner="SeleniumLibrary">
<msg time="2026-09-25T15:50:19.082877" level="INFO">Clicking button 'xpath=/html/body/div/div[1]/div/div[1]/div/div[2]/div[2]/form/div[3]/button'.</msg>
<arg>xpath=/html/body/div/div[1]/div/div[1]/div/div[2]/div[2]/form/div[3]/button</arg>
<doc>Clicks the button identified by ``locator``.</doc>
<status status="PASS" start="2026-09-25T15:50:19.081872" elapsed="5.111505"/>
</kw>
<kw name="Set Browser Implicit Wait" owner="SeleniumLibrary">
<arg>20s</arg>
<doc>Sets the implicit wait value used by Selenium.</doc>
<status status="PASS" start="2026-09-25T15:50:24.194377" elapsed="0.003000"/>
</kw>
<kw name="Close Browser" owner="SeleniumLibrary">
<doc>Closes the current browser.</doc>
<status status="PASS" start="2026-09-25T15:50:24.197377" elapsed="2.796439"/>
</kw>
<tag>TC1</tag>
<status status="PASS" start="2026-09-25T15:50:02.059805" elapsed="24.934960"/>
</test>
<test id="s1-t3" name="TC2" line="41">
<kw name="Open Browser" owner="SeleniumLibrary">
<msg time="2026-09-25T15:50:27.003009" level="INFO">Opening browser 'firefox' to base url 'https://opensource-demo.orangehrmlive.com/web/index.php/auth/login'.</msg>
<arg>${URL}</arg>
<arg>firefox</arg>
<doc>Opens a new browser instance to the optional ``url``.</doc>
<status status="PASS" start="2026-09-25T15:50:27.002009" elapsed="12.841628"/>
</kw>
<kw name="Maximize Browser Window" owner="SeleniumLibrary">
<doc>Maximizes current browser window.</doc>
<status status="PASS" start="2026-09-25T15:50:39.843637" elapsed="0.279585"/>
</kw>
<kw name="Wait Until Element Is Visible" owner="SeleniumLibrary">
<arg>xpath=//form</arg>
<arg>10s</arg>
<doc>Waits until the element ``locator`` is visible.</doc>
<status status="PASS" start="2026-09-25T15:50:40.123222" elapsed="5.016366"/>
</kw>
<kw name="Input Text" owner="SeleniumLibrary">
<msg time="2026-09-25T15:50:45.141588" level="INFO">Typing text 'Admin' into text field 'xpath=/html/body/div/div[1]/div/div[1]/div/div[2]/div[2]/form/div[1]/div/div[2]/input'.</msg>
<arg>xpath=/html/body/div/div[1]/div/div[1]/div/div[2]/div[2]/form/div[1]/div/div[2]/input</arg>
<arg>${login}[user]</arg>
<doc>Types the given ``text`` into the text field identified by ``locator``.</doc>
<status status="PASS" start="2026-09-25T15:50:45.140589" elapsed="0.041999"/>
</kw>
<kw name="Input Password" owner="SeleniumLibrary">
<msg time="2026-09-25T15:50:45.183590" level="INFO">Typing password into text field 'Name=password'.</msg>
<msg time="2026-09-25T15:50:45.192591" level="INFO">Temporally setting log level to: NONE</msg>
<arg>Name=password</arg>
<arg>${login}[passwd]</arg>
<doc>Types the given password into the text field identified by ``locator``.</doc>
<status status="PASS" start="2026-09-25T15:50:45.182588" elapsed="0.025000"/>
</kw>
<kw name="Click Button" owner="SeleniumLibrary">
<msg time="2026-09-25T15:50:45.208590" level="INFO">Clicking button 'xpath=/html/body/div/div[1]/div/div[1]/div/div[2]/div[2]/form/div[3]/button'.</msg>
<arg>xpath=/html/body/div/div[1]/div/div[1]/div/div[2]/div[2]/form/div[3]/button</arg>
<doc>Clicks the button identified by ``locator``.</doc>
<status status="PASS" start="2026-09-25T15:50:45.207588" elapsed="5.116598"/>
</kw>
<kw name="Set Browser Implicit Wait" owner="SeleniumLibrary">
<arg>20s</arg>
<doc>Sets the implicit wait value used by Selenium.</doc>
<status status="PASS" start="2026-09-25T15:50:50.325184" elapsed="0.008041"/>
</kw>
<kw name="Close Browser" owner="SeleniumLibrary">
<doc>Closes the current browser.</doc>
<status status="PASS" start="2026-09-25T15:50:50.334181" elapsed="2.773604"/>
</kw>
<tag>TC2</tag>
<status status="PASS" start="2026-09-25T15:50:26.998028" elapsed="26.109757"/>
</test>
<status status="PASS" start="2026-09-25T15:50:01.690516" elapsed="51.419270"/>
</suite>
<statistics>
<total>
<stat pass="3" fail="0" skip="0">All Tests</stat>
</total>
<tag>
<stat pass="1" fail="0" skip="0">TC1</stat>
<stat pass="1" fail="0" skip="0">TC2</stat>
</tag>
<suite>
<stat name="Test case login" id="s1" pass="3" fail="0" skip="0">Test case login</stat>
</suite>
</statistics>
<errors>
</errors>
</robot>
